<?xml version="1.0" encoding="UTF-8"?>
<!-- Generated by org.testng.reporters.JUnitXMLReporter -->
<testsuite ignored="3" hostname="user-PC" failures="0" tests="1" name="Test4" time="0.189" errors="0" timestamp="2022-01-01T06:17:02 IST">
  <testcase classname="testNGPkg.ParallelExecutionTests" name="testM4" time="0.005"/>
  <testcase classname="testNGPkg.ParallelExecutionTests" name="testM2" time="0.0">
    <ignored/>
  </testcase> <!-- testM2 -->
  <testcase classname="testNGPkg.ParallelExecutionTests" name="testM1" time="0.0">
    <ignored/>
  </testcase> <!-- testM1 -->
  <testcase classname="testNGPkg.ParallelExecutionTests" name="testM3" time="0.0">
    <ignored/>
  </testcase> <!-- testM3 -->
</testsuite> <!-- Test4 -->
