<?xml version="1.0" encoding="UTF-8"?>
<testng-results ignored="0" total="1" passed="1" failed="0" skipped="0">
  <reporter-output>
  </reporter-output>
  <suite started-at="2022-02-10T08:39:26 IST" name="Suite" finished-at="2022-02-10T08:40:17 IST" duration-ms="50953">
    <groups>
    </groups>
    <test started-at="2022-02-10T08:39:26 IST" name="Test" finished-at="2022-02-10T08:40:17 IST" duration-ms="50953">
      <class name="SimpleLogin_FluentWait">
        <test-method signature="demoMethod()[pri:0, instance:SimpleLogin_FluentWait@31add175]" started-at="2022-02-10T08:39:26 IST" name="demoMethod" finished-at="2022-02-10T08:40:17 IST" duration-ms="50804" status="PASS">
          <reporter-output>
          </reporter-output>
        </test-method> <!-- demoMethod -->
      </class> <!-- SimpleLogin_FluentWait -->
    </test> <!-- Test -->
  </suite> <!-- Suite -->
</testng-results>
